-outxml
-source
1.6
-target
1.6
-classpath
d:\java\.m2\repository\antlr\antlr\2.7.6\antlr-2.7.6.jar;d:\java\.m2\repository\aopalliance\aopalliance\1.0\aopalliance-1.0.jar;d:\java\.m2\repository\cglib\cglib-nodep\2.2\cglib-nodep-2.2.jar;d:\java\.m2\repository\com\baidu\ueditor\1.1.2\ueditor-1.1.2.jar;d:\java\.m2\repository\com\google\code\gson\gson\1.6\gson-1.6.jar;d:\java\.m2\repository\com\google\zxing\core\3.1.0\core-3.1.0.jar;d:\java\.m2\repository\com\google\zxing\javase\3.0.0\javase-3.0.0.jar;d:\java\.m2\repository\com\googlecode\ehcache-spring-annotations\ehcache-spring-annotations\1.1.2\ehcache-spring-annotations-1.1.2.jar;d:\java\.m2\repository\commons-beanutils\commons-beanutils\1.8.0\commons-beanutils-1.8.0.jar;d:\java\.m2\repository\commons-codec\commons-codec\1.9\commons-codec-1.9.jar;d:\java\.m2\repository\commons-collections\commons-collections\3.1\commons-collections-3.1.jar;d:\java\.m2\repository\commons-dbcp\commons-dbcp\1.3\commons-dbcp-1.3.jar;d:\java\.m2\repository\commons-digester\commons-digester\2.0\commons-digester-2.0.jar;d:\java\.m2\repository\commons-fileupload\commons-fileupload\1.3.1\commons-fileupload-1.3.1.jar;d:\java\.m2\repository\commons-io\commons-io\2.4\commons-io-2.4.jar;d:\java\.m2\repository\commons-lang\commons-lang\2.6\commons-lang-2.6.jar;d:\java\.m2\repository\commons-logging\commons-logging\1.1.1\commons-logging-1.1.1.jar;d:\java\.m2\repository\commons-pool\commons-pool\1.5.4\commons-pool-1.5.4.jar;d:\java\.m2\repository\dom4j\dom4j\1.6.1\dom4j-1.6.1.jar;d:\java\.m2\repository\javassist\javassist\3.12.0.GA\javassist-3.12.0.GA.jar;d:\java\.m2\repository\javax\el\el-api\1.0\el-api-1.0.jar;d:\java\.m2\repository\javax\servlet\jstl\1.2\jstl-1.2.jar;d:\java\.m2\repository\javax\servlet\servlet-api\2.5\servlet-api-2.5.jar;d:\java\.m2\repository\javax\servlet\jsp\jsp-api\2.1\jsp-api-2.1.jar;d:\java\.m2\repository\javax\transaction\jta\1.1\jta-1.1.jar;d:\java\.m2\repository\javax\validation\validation-api\1.0.0.GA\validation-api-1.0.0.GA.jar;d:\java\.m2\repository\joda-time\joda-time\1.6\joda-time-1.6.jar;d:\java\.m2\repository\junit\junit\4.8.2\junit-4.8.2.jar;d:\java\.m2\repository\log4j\log4j\1.2.16\log4j-1.2.16.jar;d:\java\.m2\repository\mysql\mysql-connector-java\5.1.21\mysql-connector-java-5.1.21.jar;d:\java\.m2\repository\net\sf\ehcache\ehcache-core\2.1.0\ehcache-core-2.1.0.jar;d:\java\.m2\repository\net\sf\flexjson\flexjson\2.1\flexjson-2.1.jar;d:\java\.m2\repository\net\sourceforge\jeval\jeval\0.9.4\jeval-0.9.4.jar;d:\java\.m2\repository\opensymphony\sitemesh\2.4.1\sitemesh-2.4.1.jar;d:\java\.m2\repository\org\apache\httpcomponents\httpclient\4.3.3\httpclient-4.3.3.jar;d:\java\.m2\repository\org\apache\httpcomponents\httpclient-cache\4.3.3\httpclient-cache-4.3.3.jar;d:\java\.m2\repository\org\apache\httpcomponents\httpcore\4.3\httpcore-4.3.jar;d:\java\.m2\repository\org\apache\httpcomponents\httpmime\4.3.3\httpmime-4.3.3.jar;d:\java\.m2\repository\org\apache\poi\poi\3.7\poi-3.7.jar;d:\java\.m2\repository\org\apache\tiles\tiles-api\2.2.1\tiles-api-2.2.1.jar;d:\java\.m2\repository\org\apache\tiles\tiles-core\2.2.1\tiles-core-2.2.1.jar;d:\java\.m2\repository\org\apache\tiles\tiles-jsp\2.2.1\tiles-jsp-2.2.1.jar;d:\java\.m2\repository\org\apache\tiles\tiles-servlet\2.2.1\tiles-servlet-2.2.1.jar;d:\java\.m2\repository\org\apache\tiles\tiles-template\2.2.1\tiles-template-2.2.1.jar;d:\java\.m2\repository\org\aspectj\aspectjrt\1.6.11\aspectjrt-1.6.11.jar;d:\java\.m2\repository\org\aspectj\aspectjtools\1.6.11\aspectjtools-1.6.11.jar;d:\java\.m2\repository\org\aspectj\aspectjweaver\1.6.11\aspectjweaver-1.6.11.jar;d:\java\.m2\repository\org\hibernate\hibernate-commons-annotations\3.2.0.Final\hibernate-commons-annotations-3.2.0.Final.jar;d:\java\.m2\repository\org\hibernate\hibernate-core\3.6.1.Final\hibernate-core-3.6.1.Final.jar;d:\java\.m2\repository\org\hibernate\hibernate-entitymanager\3.6.1.Final\hibernate-entitymanager-3.6.1.Final.jar;d:\java\.m2\repository\org\hibernate\hibernate-validator\4.1.0.Final\hibernate-validator-4.1.0.Final.jar;d:\java\.m2\repository\org\hibernate\javax\persistence\hibernate-jpa-2.0-api\1.0.0.Final\hibernate-jpa-2.0-api-1.0.0.Final.jar;d:\java\.m2\repository\org\json\JSONObject\0.0.1-SNAPSHOT\JSONObject-0.0.1-SNAPSHOT.jar;d:\java\.m2\repository\org\slf4j\jcl-over-slf4j\1.6.1\jcl-over-slf4j-1.6.1.jar;d:\java\.m2\repository\org\slf4j\slf4j-api\1.6.1\slf4j-api-1.6.1.jar;d:\java\.m2\repository\org\slf4j\slf4j-log4j12\1.6.1\slf4j-log4j12-1.6.1.jar;d:\java\.m2\repository\org\springframework\spring-aop\3.0.5.RELEASE\spring-aop-3.0.5.RELEASE.jar;d:\java\.m2\repository\org\springframework\spring-asm\3.0.5.RELEASE\spring-asm-3.0.5.RELEASE.jar;d:\java\.m2\repository\org\springframework\spring-aspects\3.0.5.RELEASE\spring-aspects-3.0.5.RELEASE.jar;d:\java\.m2\repository\org\springframework\spring-beans\3.0.5.RELEASE\spring-beans-3.0.5.RELEASE.jar;d:\java\.m2\repository\org\springframework\spring-context\3.0.5.RELEASE\spring-context-3.0.5.RELEASE.jar;d:\java\.m2\repository\org\springframework\spring-context-support\3.0.5.RELEASE\spring-context-support-3.0.5.RELEASE.jar;d:\java\.m2\repository\org\springframework\spring-core\3.0.5.RELEASE\spring-core-3.0.5.RELEASE.jar;d:\java\.m2\repository\org\springframework\spring-expression\3.0.5.RELEASE\spring-expression-3.0.5.RELEASE.jar;d:\java\.m2\repository\org\springframework\spring-jdbc\3.0.5.RELEASE\spring-jdbc-3.0.5.RELEASE.jar;d:\java\.m2\repository\org\springframework\spring-orm\3.0.5.RELEASE\spring-orm-3.0.5.RELEASE.jar;d:\java\.m2\repository\org\springframework\spring-test\3.0.5.RELEASE\spring-test-3.0.5.RELEASE.jar;d:\java\.m2\repository\org\springframework\spring-tx\3.0.5.RELEASE\spring-tx-3.0.5.RELEASE.jar;d:\java\.m2\repository\org\springframework\spring-web\3.0.5.RELEASE\spring-web-3.0.5.RELEASE.jar;d:\java\.m2\repository\org\springframework\spring-webmvc\3.0.5.RELEASE\spring-webmvc-3.0.5.RELEASE.jar;d:\java\.m2\repository\org\springframework\security\spring-security-acl\3.0.5.RELEASE\spring-security-acl-3.0.5.RELEASE.jar;d:\java\.m2\repository\org\springframework\security\spring-security-config\3.0.5.RELEASE\spring-security-config-3.0.5.RELEASE.jar;d:\java\.m2\repository\org\springframework\security\spring-security-core\3.0.5.RELEASE\spring-security-core-3.0.5.RELEASE.jar;d:\java\.m2\repository\org\springframework\security\spring-security-taglibs\3.0.5.RELEASE\spring-security-taglibs-3.0.5.RELEASE.jar;d:\java\.m2\repository\org\springframework\security\spring-security-web\3.0.5.RELEASE\spring-security-web-3.0.5.RELEASE.jar;d:\java\.m2\repository\org\springframework\webflow\spring-js-resources\2.2.1.RELEASE\spring-js-resources-2.2.1.RELEASE.jar;d:\java\.m2\repository\org\tuckey\urlrewritefilter\3.2.0\urlrewritefilter-3.2.0.jar;D:\workspace\bitcoin\target\classes
-aspectpath
d:\java\.m2\repository\org\springframework\spring-aspects\3.0.5.RELEASE\spring-aspects-3.0.5.RELEASE.jar
-d
D:\workspace\bitcoin\target\classes
D:\workspace\bitcoin\src\main\java\com\hxy\isw\util\MD5.java
D:\workspace\bitcoin\src\main\java\com\hxy\isw\socket\Test.java
D:\workspace\bitcoin\src\main\java\com\hxy\isw\control\UserInfoControl.java
D:\workspace\bitcoin\src\main\java\com\hxy\isw\util\HtmlUtil.java
D:\workspace\bitcoin\src\main\java\com\hxy\isw\util\DatabaseHelper.java
D:\workspace\bitcoin\src\main\java\com\hxy\isw\util\ConstantUtil.java
D:\workspace\bitcoin\src\main\java\com\hxy\isw\service\impl\FeedbackServiceImpl.java
D:\workspace\bitcoin\src\main\java\com\hxy\isw\util\Sys.java
D:\workspace\bitcoin\src\main\java\com\hxy\isw\entity\FileInfo.java
D:\workspace\bitcoin\src\main\java\com\hxy\isw\entity\NotifyInfo.java
D:\workspace\bitcoin\src\main\java\com\hxy\isw\service\impl\AppServiceUserImpl.java
D:\workspace\bitcoin\src\main\java\com\hxy\isw\service\AppServiceUser.java
D:\workspace\bitcoin\src\main\java\com\hxy\isw\service\impl\ManageUserServiceImpl.java
D:\workspace\bitcoin\src\main\java\com\hxy\isw\util\ChuangLanSmsUtil.java
D:\workspace\bitcoin\src\main\java\com\hxy\isw\entity\Apply.java
D:\workspace\bitcoin\src\main\java\com\hxy\isw\service\impl\AppServiceBannerNoticeImpl.java
D:\workspace\bitcoin\src\main\java\com\hxy\isw\service\AppServiceAdvert.java
D:\workspace\bitcoin\src\main\java\com\hxy\isw\service\ModelConfigService.java
D:\workspace\bitcoin\src\main\java\com\hxy\isw\entity\Trust.java
D:\workspace\bitcoin\src\main\java\com\hxy\isw\thread\CheckOrderState.java
D:\workspace\bitcoin\src\main\java\com\hxy\isw\control\IndexControl.java
D:\workspace\bitcoin\src\main\java\com\hxy\isw\util\KdniaoTrackQueryAPI.java
D:\workspace\bitcoin\src\main\java\com\hxy\isw\util\CreateEntity.java
D:\workspace\bitcoin\src\main\java\com\hxy\isw\entity\OrderInfo.java
D:\workspace\bitcoin\src\main\java\com\hxy\isw\entity\CapitalDetail.java
D:\workspace\bitcoin\src\main\java\com\hxy\isw\util\SignatureUtil.java
D:\workspace\bitcoin\src\main\java\com\hxy\isw\service\impl\ApplyServiceImpl.java
D:\workspace\bitcoin\src\main\java\com\hxy\isw\socket\NIOSClient.java
D:\workspace\bitcoin\src\main\java\com\hxy\isw\util\HttpConnectionUtil.java
D:\workspace\bitcoin\src\main\java\com\hxy\isw\test\Test.java
D:\workspace\bitcoin\src\main\java\com\hxy\isw\util\TimestampTypeAdapterTime.java
D:\workspace\bitcoin\src\main\java\com\hxy\isw\util\DES3.java
D:\workspace\bitcoin\src\main\java\com\hxy\isw\entity\FeedBack.java
D:\workspace\bitcoin\src\main\java\com\hxy\isw\control\StaticControl.java
D:\workspace\bitcoin\src\main\java\com\hxy\isw\control\FeedBackControl.java
D:\workspace\bitcoin\src\main\java\com\hxy\isw\entity\CodeLog.java
D:\workspace\bitcoin\src\main\java\com\hxy\isw\service\impl\ModelConfigServiceImpl.java
D:\workspace\bitcoin\src\main\java\com\hxy\isw\service\AppServiceBannerNotice.java
D:\workspace\bitcoin\src\main\java\com\hxy\isw\service\impl\OrderServiceImpl.java
D:\workspace\bitcoin\src\main\java\com\hxy\isw\entity\Banner.java
D:\workspace\bitcoin\src\main\java\com\hxy\isw\util\JsonUtil.java
D:\workspace\bitcoin\src\main\java\com\hxy\isw\entity\Advert.java
D:\workspace\bitcoin\src\main\java\com\hxy\isw\util\ThreadPoolManager.java
D:\workspace\bitcoin\src\main\java\com\hxy\isw\entity\Address.java
D:\workspace\bitcoin\src\main\java\com\hxy\isw\socket\NIOSServer.java
D:\workspace\bitcoin\src\main\java\com\hxy\isw\service\impl\StaticServiceImpl.java
D:\workspace\bitcoin\src\main\java\com\hxy\isw\service\OrderService.java
D:\workspace\bitcoin\src\main\java\com\hxy\isw\test\ImgTest.java
D:\workspace\bitcoin\src\main\java\com\hxy\isw\entity\AccountInfo.java
D:\workspace\bitcoin\src\main\java\com\hxy\isw\entity\UserreCharge.java
D:\workspace\bitcoin\src\main\java\com\hxy\isw\control\AppServiceAdvertControl.java
D:\workspace\bitcoin\src\main\java\com\hxy\isw\util\TimestampTypeAdapter.java
D:\workspace\bitcoin\src\main\java\com\hxy\isw\control\ModelConfigControl.java
D:\workspace\bitcoin\src\main\java\com\hxy\isw\service\AppServiceNotify.java
D:\workspace\bitcoin\src\main\java\com\hxy\isw\service\StaticService.java
D:\workspace\bitcoin\src\main\java\com\hxy\isw\entity\Charge.java
D:\workspace\bitcoin\src\main\java\com\hxy\isw\util\TrustAnyTrustManager.java
D:\workspace\bitcoin\src\main\java\com\hxy\isw\control\AppServiceOrderControl.java
D:\workspace\bitcoin\src\main\java\com\hxy\isw\util\MySSLSocketFactory.java
D:\workspace\bitcoin\src\main\java\com\hxy\isw\thread\CheckPrice.java
D:\workspace\bitcoin\src\main\java\com\hxy\isw\thread\ReflushAccessToken.java
D:\workspace\bitcoin\src\main\java\com\hxy\isw\service\ManageUserService.java
D:\workspace\bitcoin\src\main\java\com\hxy\isw\control\AppSerciceDealControl.java
D:\workspace\bitcoin\src\main\java\com\hxy\isw\service\AppServiceOrder.java
D:\workspace\bitcoin\src\main\java\com\hxy\isw\control\OrderControl.java
D:\workspace\bitcoin\src\main\java\com\hxy\isw\service\impl\AppServiceAdvertImpl.java
D:\workspace\bitcoin\src\main\java\com\hxy\isw\entity\UserInfo.java
D:\workspace\bitcoin\src\main\java\com\hxy\isw\control\IswControl.java
D:\workspace\bitcoin\src\main\java\com\hxy\isw\util\HttpClientConnectionManager.java
D:\workspace\bitcoin\src\main\java\com\hxy\isw\filter\IswUrlFilter.java
D:\workspace\bitcoin\src\main\java\com\hxy\isw\util\SHA1Utils.java
D:\workspace\bitcoin\src\main\java\com\hxy\isw\util\DatabaseHelperImpl.java
D:\workspace\bitcoin\src\main\java\com\hxy\isw\util\IswDataSourse.java
D:\workspace\bitcoin\src\main\java\com\hxy\isw\util\MyMultipartResolver.java
D:\workspace\bitcoin\src\main\java\com\hxy\isw\util\HttpRequest.java
D:\workspace\bitcoin\src\main\java\com\hxy\isw\entity\Bonus.java
D:\workspace\bitcoin\src\main\java\com\hxy\isw\control\AppServiceBannerNoticeControl.java
D:\workspace\bitcoin\src\main\java\com\hxy\isw\service\impl\AppServiceNotifyImpl.java
D:\workspace\bitcoin\src\main\java\com\hxy\isw\entity\Price.java
D:\workspace\bitcoin\src\main\java\com\hxy\isw\control\ApplyControl.java
D:\workspace\bitcoin\src\main\java\com\hxy\isw\thread\CheckFileState.java
D:\workspace\bitcoin\src\main\java\com\hxy\isw\control\AppServiceUserControl.java
D:\workspace\bitcoin\src\main\java\com\hxy\isw\util\DocumentManagerUtil.java
D:\workspace\bitcoin\src\main\java\com\hxy\isw\control\AppServiceNotifyControl.java
D:\workspace\bitcoin\src\main\java\com\hxy\isw\service\impl\AppSerciceDealImpl.java
D:\workspace\bitcoin\src\main\java\com\hxy\isw\service\FeedbackService.java
D:\workspace\bitcoin\src\main\java\com\hxy\isw\service\AppSerciceDeal.java
D:\workspace\bitcoin\src\main\java\com\hxy\isw\service\impl\AppServiceOrderImpl.java
D:\workspace\bitcoin\src\main\java\com\hxy\isw\service\ApplyService.java
D:\workspace\bitcoin\src\main\java\com\hxy\isw\util\JuheData.java
